[debug] [2023-08-07T16:39:39.191Z] ----------------------------------------------------------------------
[debug] [2023-08-07T16:39:39.193Z] Command:       C:\Program Files\nodejs\node.exe C:\Users\Krishna Enterprises\Desktop\AmazonClones\amazon-clone\functions\node_modules\firebase-tools\lib\bin\firebase.js functions:shell
[debug] [2023-08-07T16:39:39.194Z] CLI Version:   12.4.7
[debug] [2023-08-07T16:39:39.194Z] Platform:      win32
[debug] [2023-08-07T16:39:39.195Z] Node Version:  v18.17.0
[debug] [2023-08-07T16:39:39.204Z] Time:          Mon Aug 07 2023 22:09:39 GMT+0530 (India Standard Time)
[debug] [2023-08-07T16:39:39.204Z] ----------------------------------------------------------------------
[debug] 
[debug] [2023-08-07T16:39:39.296Z] > command requires scopes: ["email","openid","https://www.googleapis.com/auth/cloudplatformprojects.readonly","https://www.googleapis.com/auth/firebase","https://www.googleapis.com/auth/cloud-platform"]
[debug] [2023-08-07T16:39:39.297Z] > authorizing via signed-in user (mukulranadpr@gmail.com)
[debug] [2023-08-07T16:39:39.297Z] [iam] checking project fir-clone-project-ef81e for permissions ["firebase.projects.get"]
[debug] [2023-08-07T16:39:39.302Z] >>> [apiv2][query] POST https://cloudresourcemanager.googleapis.com/v1/projects/fir-clone-project-ef81e:testIamPermissions [none]
[debug] [2023-08-07T16:39:39.302Z] >>> [apiv2][(partial)header] POST https://cloudresourcemanager.googleapis.com/v1/projects/fir-clone-project-ef81e:testIamPermissions x-goog-quota-user=projects/fir-clone-project-ef81e
[debug] [2023-08-07T16:39:39.303Z] >>> [apiv2][body] POST https://cloudresourcemanager.googleapis.com/v1/projects/fir-clone-project-ef81e:testIamPermissions {"permissions":["firebase.projects.get"]}
[debug] [2023-08-07T16:39:41.115Z] <<< [apiv2][status] POST https://cloudresourcemanager.googleapis.com/v1/projects/fir-clone-project-ef81e:testIamPermissions 200
[debug] [2023-08-07T16:39:41.116Z] <<< [apiv2][body] POST https://cloudresourcemanager.googleapis.com/v1/projects/fir-clone-project-ef81e:testIamPermissions {"permissions":["firebase.projects.get"]}
[debug] [2023-08-07T16:39:41.123Z] [functions] Functions Emulator only supports listening on one address (127.0.0.1). Not listening on ::1
[debug] [2023-08-07T16:39:41.127Z] defaultcredentials: writing to file C:\Users\Krishna Enterprises\AppData\Roaming\firebase\mukulranadpr_gmail_com_application_default_credentials.json
[debug] [2023-08-07T16:39:41.128Z] DEBUG: Setting GAC to C:\Users\Krishna Enterprises\AppData\Roaming\firebase\mukulranadpr_gmail_com_application_default_credentials.json
[debug] [2023-08-07T16:39:41.129Z] >>> [apiv2][query] GET https://firebase.googleapis.com/v1beta1/projects/fir-clone-project-ef81e/adminSdkConfig [none]
[debug] [2023-08-07T16:39:41.891Z] <<< [apiv2][status] GET https://firebase.googleapis.com/v1beta1/projects/fir-clone-project-ef81e/adminSdkConfig 200
[debug] [2023-08-07T16:39:41.891Z] <<< [apiv2][body] GET https://firebase.googleapis.com/v1beta1/projects/fir-clone-project-ef81e/adminSdkConfig {"projectId":"fir-clone-project-ef81e","storageBucket":"fir-clone-project-ef81e.appspot.com"}
[debug] [2023-08-07T16:39:41.905Z] [functions] Watching "C:\Users\Krishna Enterprises\Desktop\AmazonClones\amazon-clone\functions" for Cloud Functions...
[debug] [2023-08-07T16:39:41.910Z] Validating nodejs source
[debug] [2023-08-07T16:39:43.604Z] > [functions] package.json contents: {
  "name": "functions",
  "description": "Cloud Functions for Firebase",
  "scripts": {
    "lint": "eslint .",
    "serve": "firebase emulators:start --only functions",
    "shell": "firebase functions:shell",
    "start": "npm run shell",
    "deploy": "firebase deploy --only functions",
    "logs": "firebase functions:log"
  },
  "engines": {
    "node": "18"
  },
  "main": "index.js",
  "dependencies": {
    "cors": "^2.8.5",
    "express": "^4.18.2",
    "firebase-admin": "^11.8.0",
    "firebase-functions": "^4.3.1",
    "firebase-tools": "^12.4.7",
    "stripe": "^12.16.0"
  },
  "devDependencies": {
    "eslint": "^8.15.0",
    "eslint-config-google": "^0.14.0",
    "firebase-functions-test": "^3.1.0"
  },
  "private": true
}
[debug] [2023-08-07T16:39:43.604Z] Building nodejs source
[debug] [2023-08-07T16:39:43.604Z] Failed to find version of module node: reached end of search path C:\Users\Krishna Enterprises\Desktop\AmazonClones\amazon-clone\functions\node_modules
[info] +  functions: Using node@18 from host. 
[debug] [2023-08-07T16:39:43.608Z] Could not find functions.yaml. Must use http discovery
[debug] [2023-08-07T16:39:43.614Z] Found firebase-functions binary at 'C:\Users\Krishna Enterprises\Desktop\AmazonClones\amazon-clone\functions\node_modules\.bin\firebase-functions'
[info] Serving at port 8337

[debug] [2023-08-07T16:39:44.481Z] Got response from /__/functions.yaml {"endpoints":{"api":{"platform":"gcfv1","availableMemoryMb":null,"timeoutSeconds":null,"minInstances":null,"maxInstances":null,"ingressSettings":null,"serviceAccountEmail":null,"vpc":null,"httpsTrigger":{},"entryPoint":"api"}},"specVersion":"v1alpha1","requiredAPIs":[]}
[info] shutdown requested via /__/quitquitquit

[debug] [2023-08-07T16:39:44.508Z] [functions] Loaded functions definitions from source: api.
[debug] [2023-08-07T16:39:44.510Z] [functions[us-central1-api]] http function initialized (http://127.0.0.1:5000/fir-clone-project-ef81e/us-central1/api).
[info] i  functions: Loaded functions: api 
[warn] !  functions: The following emulators are not running, calls to these services will affect production: firestore, database, pubsub, storage, eventarc 
